<?xml version="1.0" encoding="UTF-8"?>
<testsuites name="Mocha Tests" time="6.948" tests="1" failures="0">
  <testsuite name="Root Suite" timestamp="2017-09-25T16:53:54" tests="0" failures="0" time="0">
  </testsuite>
  <testsuite name="Monitor oldboys.mfbproducts.com" timestamp="2017-09-25T16:53:54" tests="1" file="/home/muzikayise/workspace/Dev/Z/zulu-coda/code/oldboys-e2e/e2e/oldboys.mfbproducts.com/monitor.spec" failures="0" time="6.948">
    <testcase name="Monitor oldboys.mfbproducts.com should navigate to https://oldboys.mfbproducts.com and check that its up" time="6.948" classname="should navigate to https://oldboys.mfbproducts.com and check that its up">
    </testcase>
  </testsuite>
</testsuites>